<?xml version="1.0" encoding="UTF-8"?>
<!-- Generated by org.testng.reporters.JUnitXMLReporter -->
<testsuite hostname="ItsmyAccount-PC" name="Default test" tests="4" failures="0" timestamp="3 Dec 2017 09:20:09 GMT" time="181.4" errors="0">
  <testcase name="Login" time="25.212" classname="dashboard.AdminComplaintTracker"/>
  <testcase name="AddComplaints" time="116.081" classname="dashboard.AdminComplaintTracker"/>
  <testcase name="Export" time="22.991" classname="dashboard.AdminComplaintTracker"/>
  <testcase name="Results" time="0.005" classname="dashboard.AdminComplaintTracker"/>
</testsuite> <!-- Default test -->
