<?xml version="1.0" encoding="UTF-8"?>
<testng-results skipped="0" failed="0" total="4" passed="4">
  <reporter-output>
    <line>
      <![CDATA[Script Name:Admin---->Application--->MyComplaints---->TrackComplaints]]>
    </line>
    <line>
      <![CDATA[----------------------------------------------]]>
    </line>
    <line>
      <![CDATA[ ]]>
    </line>
    <line>
      <![CDATA[Complaint Added Sucessfully]]>
    </line>
    <line>
      <![CDATA[Ticket Number Of Complaints: (T)201700006]]>
    </line>
    <line>
      <![CDATA[Complaint status Is In Red Colour]]>
    </line>
    <line>
      <![CDATA[Added Complaint Under Open Category]]>
    </line>
    <line>
      <![CDATA[Data Exported Into PDF]]>
    </line>
    <line>
      <![CDATA[ ]]>
    </line>
    <line>
      <![CDATA[Files Stored In(Path Name)]]>
    </line>
    <line>
      <![CDATA[---------------------------]]>
    </line>
    <line>
      <![CDATA[File Name : C:\Users\Its my Account\Desktop\Testing Screenshots\AddedComplaint  AddedComplaint]]>
    </line>
    <line>
      <![CDATA[File Name : C:\Users\Its my Account\Desktop\Testing Screenshots\Added Complaint Under Open Category  Added Complaint Under Open Category]]>
    </line>
    <line>
      <![CDATA[File Name : C:\Users\Its my Account\Desktop\Testing Screenshots\After Compalint status Changed To Picked   After Compalint status Changed To Picked ]]>
    </line>
    <line>
      <![CDATA[File Name : C:\Users\Its my Account\Desktop\Testing Screenshots\ComplaintsPDF   ComplaintsPDF ]]>
    </line>
    <line>
      <![CDATA[ ]]>
    </line>
  </reporter-output>
  <suite name="Default suite" duration-ms="181400" started-at="2017-12-03T09:17:08Z" finished-at="2017-12-03T09:20:09Z">
    <groups>
    </groups>
    <test name="Default test" duration-ms="181400" started-at="2017-12-03T09:17:08Z" finished-at="2017-12-03T09:20:09Z">
      <class name="dashboard.AdminComplaintTracker">
        <test-method status="PASS" signature="setUp()[pri:0, instance:dashboard.AdminComplaintTracker@5bcab519]" name="setUp" is-config="true" duration-ms="16049" started-at="2017-12-03T14:47:08Z" finished-at="2017-12-03T14:47:24Z">
          <reporter-output>
          </reporter-output>
        </test-method> <!-- setUp -->
        <test-method status="PASS" signature="Login()[pri:1, instance:dashboard.AdminComplaintTracker@5bcab519]" name="Login" duration-ms="25212" started-at="2017-12-03T14:47:24Z" finished-at="2017-12-03T14:47:49Z">
          <reporter-output>
            <line>
              <![CDATA[Script Name:Admin---->Application--->MyComplaints---->TrackComplaints]]>
            </line>
            <line>
              <![CDATA[----------------------------------------------]]>
            </line>
            <line>
              <![CDATA[ ]]>
            </line>
          </reporter-output>
        </test-method> <!-- Login -->
        <test-method status="PASS" signature="AddComplaints(java.lang.String, java.lang.String, java.lang.String, java.lang.String, java.lang.String, java.lang.String)[pri:2, instance:dashboard.AdminComplaintTracker@5bcab519]" name="AddComplaints" duration-ms="116081" started-at="2017-12-03T14:47:49Z" data-provider="CreateComplaint" finished-at="2017-12-03T14:49:46Z">
          <params>
            <param index="0">
              <value>
                <![CDATA[Lift Related]]>
              </value>
            </param>
            <param index="1">
              <value>
                <![CDATA[lift Is Not Working From Past 2 days Please take Action Immediately]]>
              </value>
            </param>
            <param index="2">
              <value>
                <![CDATA[High]]>
              </value>
            </param>
            <param index="3">
              <value>
                <![CDATA[New]]>
              </value>
            </param>
            <param index="4">
              <value>
                <![CDATA[lift Is Not Working From Past 2 days Please take Action Immediately]]>
              </value>
            </param>
            <param index="5">
              <value>
                <![CDATA[lift Is Not Working From Past 2 days Please take Action Immediately]]>
              </value>
            </param>
          </params>
          <reporter-output>
            <line>
              <![CDATA[Complaint Added Sucessfully]]>
            </line>
            <line>
              <![CDATA[Ticket Number Of Complaints: (T)201700006]]>
            </line>
            <line>
              <![CDATA[Complaint status Is In Red Colour]]>
            </line>
            <line>
              <![CDATA[Added Complaint Under Open Category]]>
            </line>
          </reporter-output>
        </test-method> <!-- AddComplaints -->
        <test-method status="PASS" signature="Export()[pri:4, instance:dashboard.AdminComplaintTracker@5bcab519]" name="Export" duration-ms="22991" started-at="2017-12-03T14:49:46Z" finished-at="2017-12-03T14:50:09Z">
          <reporter-output>
            <line>
              <![CDATA[Data Exported Into PDF]]>
            </line>
          </reporter-output>
        </test-method> <!-- Export -->
        <test-method status="PASS" signature="Results()[pri:5, instance:dashboard.AdminComplaintTracker@5bcab519]" name="Results" duration-ms="5" started-at="2017-12-03T14:50:09Z" finished-at="2017-12-03T14:50:09Z">
          <reporter-output>
            <line>
              <![CDATA[ ]]>
            </line>
            <line>
              <![CDATA[Files Stored In(Path Name)]]>
            </line>
            <line>
              <![CDATA[---------------------------]]>
            </line>
            <line>
              <![CDATA[File Name : C:\Users\Its my Account\Desktop\Testing Screenshots\AddedComplaint  AddedComplaint]]>
            </line>
            <line>
              <![CDATA[File Name : C:\Users\Its my Account\Desktop\Testing Screenshots\Added Complaint Under Open Category  Added Complaint Under Open Category]]>
            </line>
            <line>
              <![CDATA[File Name : C:\Users\Its my Account\Desktop\Testing Screenshots\After Compalint status Changed To Picked   After Compalint status Changed To Picked ]]>
            </line>
            <line>
              <![CDATA[File Name : C:\Users\Its my Account\Desktop\Testing Screenshots\ComplaintsPDF   ComplaintsPDF ]]>
            </line>
            <line>
              <![CDATA[ ]]>
            </line>
          </reporter-output>
        </test-method> <!-- Results -->
        <test-method status="PASS" signature="tearDown()[pri:0, instance:dashboard.AdminComplaintTracker@5bcab519]" name="tearDown" is-config="true" duration-ms="681" started-at="2017-12-03T14:50:09Z" finished-at="2017-12-03T14:50:09Z">
          <reporter-output>
          </reporter-output>
        </test-method> <!-- tearDown -->
      </class> <!-- dashboard.AdminComplaintTracker -->
    </test> <!-- Default test -->
  </suite> <!-- Default suite -->
</testng-results>
